
*** Running vivado
    with args -log riscv_soc.vds -m64 -product Vivado -mode batch -messageDb vivado.pb -notrace -source riscv_soc.tcl



****** Vivado v2024.2 (64-bit)
  **** SW Build 5239630 on Fri Nov 08 22:35:27 MST 2024
  **** IP Build 5239520 on Sun Nov 10 16:12:51 MST 2024
  **** SharedData Build 5239561 on Fri Nov 08 14:39:27 MST 2024
  **** Start of session at: Mon Mar 31 13:05:58 2025
    ** Copyright 1986-2022 Xilinx, Inc. All Rights Reserved.
    ** Copyright 2022-2024 Advanced Micro Devices, Inc. All Rights Reserved.

source riscv_soc.tcl -notrace
Command: read_checkpoint -auto_incremental -incremental E:/project/RISC-V/work/hubulab_riscv/prj/5_pipeline/5_pipeline.srcs/utils_1/imports/synth_1/riscv_soc.dcp
INFO: [Vivado 12-5825] Read reference checkpoint from E:/project/RISC-V/work/hubulab_riscv/prj/5_pipeline/5_pipeline.srcs/utils_1/imports/synth_1/riscv_soc.dcp for incremental synthesis
INFO: [Vivado 12-7989] Please ensure there are no constraint changes
Command: synth_design -top riscv_soc -part xc7a35tfgg484-2
Starting synth_design
Attempting to get a license for feature 'Synthesis' and/or device 'xc7a35t'
INFO: [Common 17-349] Got license for feature 'Synthesis' and/or device 'xc7a35t'
INFO: [Device 21-403] Loading part xc7a35tfgg484-2
INFO: [Designutils 20-5440] No compile time benefit to using incremental synthesis; A full resynthesis will be run
INFO: [Designutils 20-4379] Flow is switching to default flow due to incremental criteria not met. If you would like to alter this behaviour and have the flow terminate instead, please set the following parameter config_implementation {autoIncr.Synth.RejectBehavior Terminate}
INFO: [Synth 8-7079] Multithreading enabled for synth_design using a maximum of 2 processes.
INFO: [Synth 8-7078] Launching helper process for spawning children vivado processes
INFO: [Synth 8-7075] Helper process launched with PID 9760
---------------------------------------------------------------------------------
Starting RTL Elaboration : Time (s): cpu = 00:00:02 ; elapsed = 00:00:04 . Memory (MB): peak = 1028.531 ; gain = 468.215
---------------------------------------------------------------------------------
INFO: [Synth 8-11241] undeclared symbol 'tx_idle', assumed default net type 'wire' [E:/project/RISC-V/work/hubulab_riscv/rtl/debug/jtag_dm.v:326]
WARNING: [Synth 8-11065] parameter 'DM_RESP_BITS' becomes localparam in 'jtag_dm' with formal parameter declaration list [E:/project/RISC-V/work/hubulab_riscv/rtl/debug/jtag_dm.v:60]
WARNING: [Synth 8-11065] parameter 'DTM_REQ_BITS' becomes localparam in 'jtag_dm' with formal parameter declaration list [E:/project/RISC-V/work/hubulab_riscv/rtl/debug/jtag_dm.v:61]
WARNING: [Synth 8-11065] parameter 'SHIFT_REG_BITS' becomes localparam in 'jtag_dm' with formal parameter declaration list [E:/project/RISC-V/work/hubulab_riscv/rtl/debug/jtag_dm.v:62]
WARNING: [Synth 8-11065] parameter 'IDCODE_VERSION' becomes localparam in 'jtag_driver' with formal parameter declaration list [E:/project/RISC-V/work/hubulab_riscv/rtl/debug/jtag_driver.v:47]
WARNING: [Synth 8-11065] parameter 'IDCODE_PART_NUMBER' becomes localparam in 'jtag_driver' with formal parameter declaration list [E:/project/RISC-V/work/hubulab_riscv/rtl/debug/jtag_driver.v:48]
WARNING: [Synth 8-11065] parameter 'IDCODE_MANUFLD' becomes localparam in 'jtag_driver' with formal parameter declaration list [E:/project/RISC-V/work/hubulab_riscv/rtl/debug/jtag_driver.v:49]
WARNING: [Synth 8-11065] parameter 'DTM_VERSION' becomes localparam in 'jtag_driver' with formal parameter declaration list [E:/project/RISC-V/work/hubulab_riscv/rtl/debug/jtag_driver.v:51]
WARNING: [Synth 8-11065] parameter 'IR_BITS' becomes localparam in 'jtag_driver' with formal parameter declaration list [E:/project/RISC-V/work/hubulab_riscv/rtl/debug/jtag_driver.v:52]
WARNING: [Synth 8-11065] parameter 'DM_RESP_BITS' becomes localparam in 'jtag_driver' with formal parameter declaration list [E:/project/RISC-V/work/hubulab_riscv/rtl/debug/jtag_driver.v:54]
WARNING: [Synth 8-11065] parameter 'DTM_REQ_BITS' becomes localparam in 'jtag_driver' with formal parameter declaration list [E:/project/RISC-V/work/hubulab_riscv/rtl/debug/jtag_driver.v:55]
WARNING: [Synth 8-11065] parameter 'SHIFT_REG_BITS' becomes localparam in 'jtag_driver' with formal parameter declaration list [E:/project/RISC-V/work/hubulab_riscv/rtl/debug/jtag_driver.v:56]
WARNING: [Synth 8-11065] parameter 'TEST_LOGIC_RESET' becomes localparam in 'jtag_driver' with formal parameter declaration list [E:/project/RISC-V/work/hubulab_riscv/rtl/debug/jtag_driver.v:72]
WARNING: [Synth 8-11065] parameter 'RUN_TEST_IDLE' becomes localparam in 'jtag_driver' with formal parameter declaration list [E:/project/RISC-V/work/hubulab_riscv/rtl/debug/jtag_driver.v:73]
WARNING: [Synth 8-11065] parameter 'SELECT_DR' becomes localparam in 'jtag_driver' with formal parameter declaration list [E:/project/RISC-V/work/hubulab_riscv/rtl/debug/jtag_driver.v:74]
WARNING: [Synth 8-11065] parameter 'CAPTURE_DR' becomes localparam in 'jtag_driver' with formal parameter declaration list [E:/project/RISC-V/work/hubulab_riscv/rtl/debug/jtag_driver.v:75]
WARNING: [Synth 8-11065] parameter 'SHIFT_DR' becomes localparam in 'jtag_driver' with formal parameter declaration list [E:/project/RISC-V/work/hubulab_riscv/rtl/debug/jtag_driver.v:76]
WARNING: [Synth 8-11065] parameter 'EXIT1_DR' becomes localparam in 'jtag_driver' with formal parameter declaration list [E:/project/RISC-V/work/hubulab_riscv/rtl/debug/jtag_driver.v:77]
WARNING: [Synth 8-11065] parameter 'PAUSE_DR' becomes localparam in 'jtag_driver' with formal parameter declaration list [E:/project/RISC-V/work/hubulab_riscv/rtl/debug/jtag_driver.v:78]
WARNING: [Synth 8-11065] parameter 'EXIT2_DR' becomes localparam in 'jtag_driver' with formal parameter declaration list [E:/project/RISC-V/work/hubulab_riscv/rtl/debug/jtag_driver.v:79]
WARNING: [Synth 8-11065] parameter 'UPDATE_DR' becomes localparam in 'jtag_driver' with formal parameter declaration list [E:/project/RISC-V/work/hubulab_riscv/rtl/debug/jtag_driver.v:80]
WARNING: [Synth 8-11065] parameter 'SELECT_IR' becomes localparam in 'jtag_driver' with formal parameter declaration list [E:/project/RISC-V/work/hubulab_riscv/rtl/debug/jtag_driver.v:81]
WARNING: [Synth 8-11065] parameter 'CAPTURE_IR' becomes localparam in 'jtag_driver' with formal parameter declaration list [E:/project/RISC-V/work/hubulab_riscv/rtl/debug/jtag_driver.v:82]
WARNING: [Synth 8-11065] parameter 'SHIFT_IR' becomes localparam in 'jtag_driver' with formal parameter declaration list [E:/project/RISC-V/work/hubulab_riscv/rtl/debug/jtag_driver.v:83]
WARNING: [Synth 8-11065] parameter 'EXIT1_IR' becomes localparam in 'jtag_driver' with formal parameter declaration list [E:/project/RISC-V/work/hubulab_riscv/rtl/debug/jtag_driver.v:84]
WARNING: [Synth 8-11065] parameter 'PAUSE_IR' becomes localparam in 'jtag_driver' with formal parameter declaration list [E:/project/RISC-V/work/hubulab_riscv/rtl/debug/jtag_driver.v:85]
WARNING: [Synth 8-11065] parameter 'EXIT2_IR' becomes localparam in 'jtag_driver' with formal parameter declaration list [E:/project/RISC-V/work/hubulab_riscv/rtl/debug/jtag_driver.v:86]
WARNING: [Synth 8-11065] parameter 'UPDATE_IR' becomes localparam in 'jtag_driver' with formal parameter declaration list [E:/project/RISC-V/work/hubulab_riscv/rtl/debug/jtag_driver.v:87]
WARNING: [Synth 8-11065] parameter 'REG_BYPASS' becomes localparam in 'jtag_driver' with formal parameter declaration list [E:/project/RISC-V/work/hubulab_riscv/rtl/debug/jtag_driver.v:90]
WARNING: [Synth 8-11065] parameter 'REG_IDCODE' becomes localparam in 'jtag_driver' with formal parameter declaration list [E:/project/RISC-V/work/hubulab_riscv/rtl/debug/jtag_driver.v:91]
WARNING: [Synth 8-11065] parameter 'REG_DMI' becomes localparam in 'jtag_driver' with formal parameter declaration list [E:/project/RISC-V/work/hubulab_riscv/rtl/debug/jtag_driver.v:92]
WARNING: [Synth 8-11065] parameter 'REG_DTMCS' becomes localparam in 'jtag_driver' with formal parameter declaration list [E:/project/RISC-V/work/hubulab_riscv/rtl/debug/jtag_driver.v:93]
WARNING: [Synth 8-11065] parameter 'DM_RESP_BITS' becomes localparam in 'jtag_top' with formal parameter declaration list [E:/project/RISC-V/work/hubulab_riscv/rtl/debug/jtag_top.v:48]
WARNING: [Synth 8-11065] parameter 'DTM_REQ_BITS' becomes localparam in 'jtag_top' with formal parameter declaration list [E:/project/RISC-V/work/hubulab_riscv/rtl/debug/jtag_top.v:49]
INFO: [Synth 8-6157] synthesizing module 'riscv_soc' [E:/project/RISC-V/work/hubulab_riscv/rtl/soc/riscv_soc.v:2]
INFO: [Synth 8-6085] Hierarchical reference on 'reg_mem' stops possible memory inference [E:/project/RISC-V/work/hubulab_riscv/rtl/core/register.v:18]
INFO: [Synth 8-6157] synthesizing module 'riscv' [E:/project/RISC-V/work/hubulab_riscv/rtl/core/riscv.v:3]
INFO: [Synth 8-6157] synthesizing module 'pc' [E:/project/RISC-V/work/hubulab_riscv/rtl/core/pc.v:3]
INFO: [Synth 8-6155] done synthesizing module 'pc' (0#1) [E:/project/RISC-V/work/hubulab_riscv/rtl/core/pc.v:3]
INFO: [Synth 8-6157] synthesizing module 'if_id' [E:/project/RISC-V/work/hubulab_riscv/rtl/core/if_id.v:3]
INFO: [Synth 8-6157] synthesizing module 'DFF' [E:/project/RISC-V/work/hubulab_riscv/rtl/utils/DFF.v:3]
	Parameter WIDTH bound to: 32 - type: integer 
INFO: [Synth 8-6155] done synthesizing module 'DFF' (0#1) [E:/project/RISC-V/work/hubulab_riscv/rtl/utils/DFF.v:3]
INFO: [Synth 8-6155] done synthesizing module 'if_id' (0#1) [E:/project/RISC-V/work/hubulab_riscv/rtl/core/if_id.v:3]
INFO: [Synth 8-6157] synthesizing module 'id_unit' [E:/project/RISC-V/work/hubulab_riscv/rtl/core/id_unit.v:3]
INFO: [Synth 8-6157] synthesizing module 'control' [E:/project/RISC-V/work/hubulab_riscv/rtl/core/control.v:3]
INFO: [Synth 8-6155] done synthesizing module 'control' (0#1) [E:/project/RISC-V/work/hubulab_riscv/rtl/core/control.v:3]
INFO: [Synth 8-6157] synthesizing module 'imm_gen' [E:/project/RISC-V/work/hubulab_riscv/rtl/core/imm_gen.v:3]
INFO: [Synth 8-6155] done synthesizing module 'imm_gen' (0#1) [E:/project/RISC-V/work/hubulab_riscv/rtl/core/imm_gen.v:3]
INFO: [Synth 8-6155] done synthesizing module 'id_unit' (0#1) [E:/project/RISC-V/work/hubulab_riscv/rtl/core/id_unit.v:3]
INFO: [Synth 8-6157] synthesizing module 'register' [E:/project/RISC-V/work/hubulab_riscv/rtl/core/register.v:3]
INFO: [Synth 8-6155] done synthesizing module 'register' (0#1) [E:/project/RISC-V/work/hubulab_riscv/rtl/core/register.v:3]
INFO: [Synth 8-6157] synthesizing module 'id_ex' [E:/project/RISC-V/work/hubulab_riscv/rtl/core/id_ex.v:4]
INFO: [Synth 8-6157] synthesizing module 'DFF__parameterized0' [E:/project/RISC-V/work/hubulab_riscv/rtl/utils/DFF.v:3]
	Parameter WIDTH bound to: 5 - type: integer 
INFO: [Synth 8-6155] done synthesizing module 'DFF__parameterized0' (0#1) [E:/project/RISC-V/work/hubulab_riscv/rtl/utils/DFF.v:3]
INFO: [Synth 8-6157] synthesizing module 'DFF__parameterized1' [E:/project/RISC-V/work/hubulab_riscv/rtl/utils/DFF.v:3]
	Parameter WIDTH bound to: 1 - type: integer 
INFO: [Synth 8-6155] done synthesizing module 'DFF__parameterized1' (0#1) [E:/project/RISC-V/work/hubulab_riscv/rtl/utils/DFF.v:3]
INFO: [Synth 8-6157] synthesizing module 'DFF__parameterized2' [E:/project/RISC-V/work/hubulab_riscv/rtl/utils/DFF.v:3]
	Parameter WIDTH bound to: 3 - type: integer 
INFO: [Synth 8-6155] done synthesizing module 'DFF__parameterized2' (0#1) [E:/project/RISC-V/work/hubulab_riscv/rtl/utils/DFF.v:3]
INFO: [Synth 8-6157] synthesizing module 'DFF__parameterized3' [E:/project/RISC-V/work/hubulab_riscv/rtl/utils/DFF.v:3]
	Parameter WIDTH bound to: 2 - type: integer 
INFO: [Synth 8-6155] done synthesizing module 'DFF__parameterized3' (0#1) [E:/project/RISC-V/work/hubulab_riscv/rtl/utils/DFF.v:3]
INFO: [Synth 8-6155] done synthesizing module 'id_ex' (0#1) [E:/project/RISC-V/work/hubulab_riscv/rtl/core/id_ex.v:4]
INFO: [Synth 8-6157] synthesizing module 'ex' [E:/project/RISC-V/work/hubulab_riscv/rtl/core/ex.v:3]
INFO: [Synth 8-6157] synthesizing module 'ALU' [E:/project/RISC-V/work/hubulab_riscv/rtl/core/ALU.v:2]
INFO: [Synth 8-226] default block is never used [E:/project/RISC-V/work/hubulab_riscv/rtl/core/ALU.v:32]
INFO: [Synth 8-6155] done synthesizing module 'ALU' (0#1) [E:/project/RISC-V/work/hubulab_riscv/rtl/core/ALU.v:2]
INFO: [Synth 8-6155] done synthesizing module 'ex' (0#1) [E:/project/RISC-V/work/hubulab_riscv/rtl/core/ex.v:3]
INFO: [Synth 8-6157] synthesizing module 'ex_mem' [E:/project/RISC-V/work/hubulab_riscv/rtl/core/ex_mem.v:4]
INFO: [Synth 8-6155] done synthesizing module 'ex_mem' (0#1) [E:/project/RISC-V/work/hubulab_riscv/rtl/core/ex_mem.v:4]
INFO: [Synth 8-6157] synthesizing module 'mem_wb' [E:/project/RISC-V/work/hubulab_riscv/rtl/core/mem_wb.v:3]
INFO: [Synth 8-6155] done synthesizing module 'mem_wb' (0#1) [E:/project/RISC-V/work/hubulab_riscv/rtl/core/mem_wb.v:3]
INFO: [Synth 8-6157] synthesizing module 'wb' [E:/project/RISC-V/work/hubulab_riscv/rtl/core/wb.v:3]
INFO: [Synth 8-6155] done synthesizing module 'wb' (0#1) [E:/project/RISC-V/work/hubulab_riscv/rtl/core/wb.v:3]
INFO: [Synth 8-6157] synthesizing module 'forward' [E:/project/RISC-V/work/hubulab_riscv/rtl/core/forward_unit.v:3]
INFO: [Synth 8-6155] done synthesizing module 'forward' (0#1) [E:/project/RISC-V/work/hubulab_riscv/rtl/core/forward_unit.v:3]
INFO: [Synth 8-6157] synthesizing module 'hazard_detection' [E:/project/RISC-V/work/hubulab_riscv/rtl/core/hazard_detection.v:3]
INFO: [Synth 8-6155] done synthesizing module 'hazard_detection' (0#1) [E:/project/RISC-V/work/hubulab_riscv/rtl/core/hazard_detection.v:3]
INFO: [Synth 8-6155] done synthesizing module 'riscv' (0#1) [E:/project/RISC-V/work/hubulab_riscv/rtl/core/riscv.v:3]
INFO: [Synth 8-6157] synthesizing module 'rom' [E:/project/RISC-V/work/hubulab_riscv/rtl/periph/rom.v:3]
	Parameter DW bound to: 32 - type: integer 
	Parameter AW bound to: 32 - type: integer 
	Parameter MEM_NUM bound to: 4096 - type: integer 
INFO: [Synth 8-6155] done synthesizing module 'rom' (0#1) [E:/project/RISC-V/work/hubulab_riscv/rtl/periph/rom.v:3]
INFO: [Synth 8-6157] synthesizing module 'ram_interface' [E:/project/RISC-V/work/hubulab_riscv/rtl/periph/ram_interface.v:3]
INFO: [Synth 8-226] default block is never used [E:/project/RISC-V/work/hubulab_riscv/rtl/periph/ram_interface.v:49]
INFO: [Synth 8-226] default block is never used [E:/project/RISC-V/work/hubulab_riscv/rtl/periph/ram_interface.v:62]
INFO: [Synth 8-226] default block is never used [E:/project/RISC-V/work/hubulab_riscv/rtl/periph/ram_interface.v:85]
INFO: [Synth 8-226] default block is never used [E:/project/RISC-V/work/hubulab_riscv/rtl/periph/ram_interface.v:100]
INFO: [Synth 8-6155] done synthesizing module 'ram_interface' (0#1) [E:/project/RISC-V/work/hubulab_riscv/rtl/periph/ram_interface.v:3]
INFO: [Synth 8-6157] synthesizing module 'ram' [E:/project/RISC-V/work/hubulab_riscv/rtl/periph/ram.v:2]
	Parameter AW bound to: 32 - type: integer 
	Parameter DW bound to: 32 - type: integer 
	Parameter MEM_NUM bound to: 8192 - type: integer 
INFO: [Synth 8-6157] synthesizing module 'dual_ram' [E:/project/RISC-V/work/hubulab_riscv/rtl/utils/dual_ram.v:2]
	Parameter DW bound to: 8 - type: integer 
	Parameter AW bound to: 32 - type: integer 
	Parameter MEM_NUM bound to: 8192 - type: integer 
INFO: [Synth 8-6155] done synthesizing module 'dual_ram' (0#1) [E:/project/RISC-V/work/hubulab_riscv/rtl/utils/dual_ram.v:2]
INFO: [Synth 8-6155] done synthesizing module 'ram' (0#1) [E:/project/RISC-V/work/hubulab_riscv/rtl/periph/ram.v:2]
INFO: [Synth 8-6157] synthesizing module 'jtag_top' [E:/project/RISC-V/work/hubulab_riscv/rtl/debug/jtag_top.v:20]
INFO: [Synth 8-6157] synthesizing module 'jtag_driver' [E:/project/RISC-V/work/hubulab_riscv/rtl/debug/jtag_driver.v:23]
	Parameter DMI_ADDR_BITS bound to: 6 - type: integer 
	Parameter DMI_DATA_BITS bound to: 32 - type: integer 
	Parameter DMI_OP_BITS bound to: 2 - type: integer 
INFO: [Synth 8-155] case statement is not full and has no default [E:/project/RISC-V/work/hubulab_riscv/rtl/debug/jtag_driver.v:162]
INFO: [Synth 8-6157] synthesizing module 'full_handshake_tx' [E:/project/RISC-V/work/hubulab_riscv/rtl/utils/full_handshake_tx.v:23]
	Parameter DW bound to: 40 - type: integer 
INFO: [Synth 8-155] case statement is not full and has no default [E:/project/RISC-V/work/hubulab_riscv/rtl/utils/full_handshake_tx.v:116]
INFO: [Synth 8-6155] done synthesizing module 'full_handshake_tx' (0#1) [E:/project/RISC-V/work/hubulab_riscv/rtl/utils/full_handshake_tx.v:23]
INFO: [Synth 8-6157] synthesizing module 'full_handshake_rx' [E:/project/RISC-V/work/hubulab_riscv/rtl/utils/full_handshake_rx.v:23]
	Parameter DW bound to: 40 - type: integer 
INFO: [Synth 8-155] case statement is not full and has no default [E:/project/RISC-V/work/hubulab_riscv/rtl/utils/full_handshake_rx.v:106]
INFO: [Synth 8-6155] done synthesizing module 'full_handshake_rx' (0#1) [E:/project/RISC-V/work/hubulab_riscv/rtl/utils/full_handshake_rx.v:23]
INFO: [Synth 8-6155] done synthesizing module 'jtag_driver' (0#1) [E:/project/RISC-V/work/hubulab_riscv/rtl/debug/jtag_driver.v:23]
INFO: [Synth 8-6157] synthesizing module 'jtag_dm' [E:/project/RISC-V/work/hubulab_riscv/rtl/debug/jtag_dm.v:27]
	Parameter DMI_ADDR_BITS bound to: 6 - type: integer 
	Parameter DMI_DATA_BITS bound to: 32 - type: integer 
	Parameter DMI_OP_BITS bound to: 2 - type: integer 
INFO: [Synth 8-155] case statement is not full and has no default [E:/project/RISC-V/work/hubulab_riscv/rtl/debug/jtag_dm.v:204]
INFO: [Synth 8-155] case statement is not full and has no default [E:/project/RISC-V/work/hubulab_riscv/rtl/debug/jtag_dm.v:161]
INFO: [Synth 8-6155] done synthesizing module 'jtag_dm' (0#1) [E:/project/RISC-V/work/hubulab_riscv/rtl/debug/jtag_dm.v:27]
INFO: [Synth 8-6155] done synthesizing module 'jtag_top' (0#1) [E:/project/RISC-V/work/hubulab_riscv/rtl/debug/jtag_top.v:20]
WARNING: [Synth 8-7071] port 'reg_we_o' of module 'jtag_top' is unconnected for instance 'jtag_top_inst' [E:/project/RISC-V/work/hubulab_riscv/rtl/soc/riscv_soc.v:116]
WARNING: [Synth 8-7071] port 'reg_addr_o' of module 'jtag_top' is unconnected for instance 'jtag_top_inst' [E:/project/RISC-V/work/hubulab_riscv/rtl/soc/riscv_soc.v:116]
WARNING: [Synth 8-7071] port 'reg_wdata_o' of module 'jtag_top' is unconnected for instance 'jtag_top_inst' [E:/project/RISC-V/work/hubulab_riscv/rtl/soc/riscv_soc.v:116]
WARNING: [Synth 8-7071] port 'reg_rdata_i' of module 'jtag_top' is unconnected for instance 'jtag_top_inst' [E:/project/RISC-V/work/hubulab_riscv/rtl/soc/riscv_soc.v:116]
WARNING: [Synth 8-7071] port 'mem_rdata_i' of module 'jtag_top' is unconnected for instance 'jtag_top_inst' [E:/project/RISC-V/work/hubulab_riscv/rtl/soc/riscv_soc.v:116]
WARNING: [Synth 8-7071] port 'op_req_o' of module 'jtag_top' is unconnected for instance 'jtag_top_inst' [E:/project/RISC-V/work/hubulab_riscv/rtl/soc/riscv_soc.v:116]
WARNING: [Synth 8-7023] instance 'jtag_top_inst' of module 'jtag_top' has 17 connections declared, but only 11 given [E:/project/RISC-V/work/hubulab_riscv/rtl/soc/riscv_soc.v:116]
INFO: [Synth 8-6155] done synthesizing module 'riscv_soc' (0#1) [E:/project/RISC-V/work/hubulab_riscv/rtl/soc/riscv_soc.v:2]
WARNING: [Synth 8-6014] Unused sequential element sbdata0_reg was removed.  [E:/project/RISC-V/work/hubulab_riscv/rtl/debug/jtag_dm.v:150]
WARNING: [Synth 8-6014] Unused sequential element command_reg was removed.  [E:/project/RISC-V/work/hubulab_riscv/rtl/debug/jtag_dm.v:151]
WARNING: [Synth 8-7129] Port rstn in module dual_ram is either unconnected or has no load
WARNING: [Synth 8-7129] Port rstn in module rom is either unconnected or has no load
WARNING: [Synth 8-7129] Port EX_rmem in module ex is either unconnected or has no load
WARNING: [Synth 8-7129] Port EX_wmem in module ex is either unconnected or has no load
WARNING: [Synth 8-7129] Port EX_jalr in module ex is either unconnected or has no load
WARNING: [Synth 8-7129] Port inst[6] in module imm_gen is either unconnected or has no load
WARNING: [Synth 8-7129] Port inst[5] in module imm_gen is either unconnected or has no load
WARNING: [Synth 8-7129] Port inst[4] in module imm_gen is either unconnected or has no load
WARNING: [Synth 8-7129] Port inst[3] in module imm_gen is either unconnected or has no load
WARNING: [Synth 8-7129] Port inst[2] in module imm_gen is either unconnected or has no load
WARNING: [Synth 8-7129] Port inst[1] in module imm_gen is either unconnected or has no load
WARNING: [Synth 8-7129] Port inst[0] in module imm_gen is either unconnected or has no load
WARNING: [Synth 8-7129] Port inst[31] in module control is either unconnected or has no load
WARNING: [Synth 8-7129] Port inst[29] in module control is either unconnected or has no load
WARNING: [Synth 8-7129] Port inst[28] in module control is either unconnected or has no load
WARNING: [Synth 8-7129] Port inst[27] in module control is either unconnected or has no load
WARNING: [Synth 8-7129] Port inst[26] in module control is either unconnected or has no load
WARNING: [Synth 8-7129] Port inst[25] in module control is either unconnected or has no load
WARNING: [Synth 8-7129] Port inst[24] in module control is either unconnected or has no load
WARNING: [Synth 8-7129] Port inst[23] in module control is either unconnected or has no load
WARNING: [Synth 8-7129] Port inst[22] in module control is either unconnected or has no load
WARNING: [Synth 8-7129] Port inst[21] in module control is either unconnected or has no load
WARNING: [Synth 8-7129] Port inst[20] in module control is either unconnected or has no load
WARNING: [Synth 8-7129] Port inst[19] in module control is either unconnected or has no load
WARNING: [Synth 8-7129] Port inst[18] in module control is either unconnected or has no load
WARNING: [Synth 8-7129] Port inst[17] in module control is either unconnected or has no load
WARNING: [Synth 8-7129] Port inst[16] in module control is either unconnected or has no load
WARNING: [Synth 8-7129] Port inst[15] in module control is either unconnected or has no load
WARNING: [Synth 8-7129] Port inst[11] in module control is either unconnected or has no load
WARNING: [Synth 8-7129] Port inst[10] in module control is either unconnected or has no load
WARNING: [Synth 8-7129] Port inst[9] in module control is either unconnected or has no load
WARNING: [Synth 8-7129] Port inst[8] in module control is either unconnected or has no load
WARNING: [Synth 8-7129] Port inst[7] in module control is either unconnected or has no load
---------------------------------------------------------------------------------
Finished RTL Elaboration : Time (s): cpu = 00:00:02 ; elapsed = 00:00:06 . Memory (MB): peak = 1150.934 ; gain = 590.617
---------------------------------------------------------------------------------
---------------------------------------------------------------------------------
Start Handling Custom Attributes
---------------------------------------------------------------------------------
---------------------------------------------------------------------------------
Finished Handling Custom Attributes : Time (s): cpu = 00:00:02 ; elapsed = 00:00:06 . Memory (MB): peak = 1150.934 ; gain = 590.617
---------------------------------------------------------------------------------
---------------------------------------------------------------------------------
Finished RTL Optimization Phase 1 : Time (s): cpu = 00:00:02 ; elapsed = 00:00:06 . Memory (MB): peak = 1150.934 ; gain = 590.617
---------------------------------------------------------------------------------
Netlist sorting complete. Time (s): cpu = 00:00:00 ; elapsed = 00:00:00.057 . Memory (MB): peak = 1150.934 ; gain = 0.000
INFO: [Project 1-570] Preparing netlist for logic optimization

Processing XDC Constraints
Initializing timing engine
Parsing XDC File [E:/project/RISC-V/work/hubulab_riscv/constr/pipe_5.xdc]
CRITICAL WARNING: [Netlist 29-69] Cannot set property 'CLOCK_DEDICATED_ROUTE', because the property does not exist for objects of type 'port'. [E:/project/RISC-V/work/hubulab_riscv/constr/pipe_5.xdc:52]
Resolution: Modify .xdc or RTL to not set this property or move it to one of the following object types that can accept this property: pin,net
WARNING: [Vivado 12-507] No nets matched 'jtag_pin_TCK_IBUF'. [E:/project/RISC-V/work/hubulab_riscv/constr/pipe_5.xdc:53]
CRITICAL WARNING: [Common 17-55] 'set_property' expects at least one object. [E:/project/RISC-V/work/hubulab_riscv/constr/pipe_5.xdc:53]
Resolution: If [get_<value>] was used to populate the object, check to make sure this command returns at least one valid object.
Finished Parsing XDC File [E:/project/RISC-V/work/hubulab_riscv/constr/pipe_5.xdc]
INFO: [Project 1-236] Implementation specific constraints were found while reading constraint file [E:/project/RISC-V/work/hubulab_riscv/constr/pipe_5.xdc]. These constraints will be ignored for synthesis but will be used in implementation. Impacted constraints are listed in the file [.Xil/riscv_soc_propImpl.xdc].
Resolution: To avoid this warning, move constraints listed in [.Xil/riscv_soc_propImpl.xdc] to another XDC file and exclude this new file from synthesis with the used_in_synthesis property (File Properties dialog in GUI) and re-run elaboration/synthesis.
Completed Processing XDC Constraints

Netlist sorting complete. Time (s): cpu = 00:00:00 ; elapsed = 00:00:00 . Memory (MB): peak = 1241.355 ; gain = 0.000
INFO: [Project 1-111] Unisim Transformation Summary:
No Unisim elements were transformed.

Constraint Validation Runtime : Time (s): cpu = 00:00:00 ; elapsed = 00:00:00.010 . Memory (MB): peak = 1241.355 ; gain = 0.000
INFO: [Designutils 20-5440] No compile time benefit to using incremental synthesis; A full resynthesis will be run
INFO: [Designutils 20-4379] Flow is switching to default flow due to incremental criteria not met. If you would like to alter this behaviour and have the flow terminate instead, please set the following parameter config_implementation {autoIncr.Synth.RejectBehavior Terminate}
---------------------------------------------------------------------------------
Finished Constraint Validation : Time (s): cpu = 00:00:05 ; elapsed = 00:00:12 . Memory (MB): peak = 1241.355 ; gain = 681.039
---------------------------------------------------------------------------------
---------------------------------------------------------------------------------
Start Loading Part and Timing Information
---------------------------------------------------------------------------------
Loading part: xc7a35tfgg484-2
---------------------------------------------------------------------------------
Finished Loading Part and Timing Information : Time (s): cpu = 00:00:05 ; elapsed = 00:00:12 . Memory (MB): peak = 1241.355 ; gain = 681.039
---------------------------------------------------------------------------------
---------------------------------------------------------------------------------
Start Applying 'set_property' XDC Constraints
---------------------------------------------------------------------------------
---------------------------------------------------------------------------------
Finished applying 'set_property' XDC Constraints : Time (s): cpu = 00:00:05 ; elapsed = 00:00:12 . Memory (MB): peak = 1241.355 ; gain = 681.039
---------------------------------------------------------------------------------
INFO: [Synth 8-802] inferred FSM for state register 'state_reg' in module 'full_handshake_tx'
INFO: [Synth 8-802] inferred FSM for state register 'state_reg' in module 'full_handshake_rx'
INFO: [Synth 8-802] inferred FSM for state register 'jtag_state_reg' in module 'jtag_driver'
---------------------------------------------------------------------------------------------------
                   State |                     New Encoding |                Previous Encoding 
---------------------------------------------------------------------------------------------------
*
              STATE_IDLE |                              001 |                              001
            STATE_ASSERT |                              010 |                              010
          STATE_DEASSERT |                              100 |                              100
---------------------------------------------------------------------------------------------------
INFO: [Synth 8-3898] No Re-encoding of one hot register 'state_reg' in module 'full_handshake_tx'
---------------------------------------------------------------------------------------------------
                   State |                     New Encoding |                Previous Encoding 
---------------------------------------------------------------------------------------------------
*
              STATE_IDLE |                               01 |                               01
          STATE_DEASSERT |                               10 |                               10
---------------------------------------------------------------------------------------------------
INFO: [Synth 8-3898] No Re-encoding of one hot register 'state_reg' in module 'full_handshake_rx'
---------------------------------------------------------------------------------------------------
                   State |                     New Encoding |                Previous Encoding 
---------------------------------------------------------------------------------------------------
        TEST_LOGIC_RESET |                 0000000000000001 |                             0000
           RUN_TEST_IDLE |                 0000000000000010 |                             0001
               SELECT_DR |                 0000000000000100 |                             0010
               SELECT_IR |                 0000000000001000 |                             1001
              CAPTURE_IR |                 0000000000010000 |                             1010
                SHIFT_IR |                 0000000000100000 |                             1011
                EXIT1_IR |                 0000000001000000 |                             1100
                PAUSE_IR |                 0000000010000000 |                             1101
                EXIT2_IR |                 0000000100000000 |                             1110
               UPDATE_IR |                 0000001000000000 |                             1111
              CAPTURE_DR |                 0000010000000000 |                             0011
                SHIFT_DR |                 0000100000000000 |                             0100
                EXIT1_DR |                 0001000000000000 |                             0101
                PAUSE_DR |                 0010000000000000 |                             0110
                EXIT2_DR |                 0100000000000000 |                             0111
               UPDATE_DR |                 1000000000000000 |                             1000
---------------------------------------------------------------------------------------------------
INFO: [Synth 8-3354] encoded FSM with state register 'jtag_state_reg' using encoding 'one-hot' in module 'jtag_driver'
---------------------------------------------------------------------------------
Finished RTL Optimization Phase 2 : Time (s): cpu = 00:00:05 ; elapsed = 00:00:13 . Memory (MB): peak = 1241.355 ; gain = 681.039
---------------------------------------------------------------------------------
---------------------------------------------------------------------------------
Start RTL Component Statistics 
---------------------------------------------------------------------------------
Detailed RTL Component Info : 
+---Adders : 
	   2 Input   32 Bit       Adders := 3     
	   4 Input   32 Bit       Adders := 1     
+---XORs : 
	   2 Input     32 Bit         XORs := 1     
+---Registers : 
	               40 Bit    Registers := 7     
	               32 Bit    Registers := 56    
	                8 Bit    Registers := 4     
	                5 Bit    Registers := 7     
	                3 Bit    Registers := 1     
	                2 Bit    Registers := 4     
	                1 Bit    Registers := 48    
+---RAMs : 
	             128K Bit	(4096 X 32 bit)          RAMs := 1     
	              64K Bit	(8192 X 8 bit)          RAMs := 4     
+---Muxes : 
	   4 Input   40 Bit        Muxes := 3     
	   3 Input   40 Bit        Muxes := 2     
	   2 Input   40 Bit        Muxes := 1     
	   2 Input   32 Bit        Muxes := 37    
	   4 Input   32 Bit        Muxes := 11    
	   7 Input   32 Bit        Muxes := 1     
	  16 Input   16 Bit        Muxes := 1     
	   2 Input   16 Bit        Muxes := 16    
	   3 Input   12 Bit        Muxes := 1     
	   2 Input    8 Bit        Muxes := 4     
	   2 Input    5 Bit        Muxes := 5     
	   4 Input    4 Bit        Muxes := 2     
	   2 Input    4 Bit        Muxes := 2     
	   2 Input    3 Bit        Muxes := 5     
	   4 Input    3 Bit        Muxes := 2     
	   2 Input    2 Bit        Muxes := 10    
	   3 Input    2 Bit        Muxes := 2     
	   2 Input    1 Bit        Muxes := 34    
	   4 Input    1 Bit        Muxes := 27    
	   3 Input    1 Bit        Muxes := 10    
	   7 Input    1 Bit        Muxes := 1     
---------------------------------------------------------------------------------
Finished RTL Component Statistics 
---------------------------------------------------------------------------------
---------------------------------------------------------------------------------
Start Part Resource Summary
---------------------------------------------------------------------------------
Part Resources:
DSPs: 90 (col length:60)
BRAMs: 100 (col length: RAMB18 60 RAMB36 30)
---------------------------------------------------------------------------------
Finished Part Resource Summary
---------------------------------------------------------------------------------
---------------------------------------------------------------------------------
Start Cross Boundary and Area Optimization
---------------------------------------------------------------------------------
WARNING: [Synth 8-7080] Parallel synthesis criteria is not met
WARNING: [Synth 8-7129] Port EX_rmem in module ex is either unconnected or has no load
WARNING: [Synth 8-7129] Port EX_wmem in module ex is either unconnected or has no load
WARNING: [Synth 8-7129] Port EX_jalr in module ex is either unconnected or has no load
---------------------------------------------------------------------------------
Finished Cross Boundary and Area Optimization : Time (s): cpu = 00:00:11 ; elapsed = 00:00:30 . Memory (MB): peak = 1318.398 ; gain = 758.082
---------------------------------------------------------------------------------
---------------------------------------------------------------------------------
Start ROM, RAM, DSP, Shift Register and Retiming Reporting
---------------------------------------------------------------------------------

Block RAM: Preliminary Mapping Report (see note below)
+------------+---------------------+------------------------+---+---+------------------------+---+---+------------------+--------+--------+
|Module Name | RTL Object          | PORT A (Depth x Width) | W | R | PORT B (Depth x Width) | W | R | Ports driving FF | RAMB18 | RAMB36 | 
+------------+---------------------+------------------------+---+---+------------------------+---+---+------------------+--------+--------+
|riscv_soc   | rom_inst/memory_reg | 4 K x 32(READ_FIRST)   | W |   | 4 K x 32(WRITE_FIRST)  |   | R | Port A and B     | 0      | 4      | 
+------------+---------------------+------------------------+---+---+------------------------+---+---+------------------+--------+--------+

Note: The table above is a preliminary report that shows the Block RAMs at the current stage of the synthesis flow. Some Block RAMs may be reimplemented as non Block RAM primitives later in the synthesis flow. Multiple instantiated Block RAMs are reported only once. 

Distributed RAM: Preliminary Mapping Report (see note below)
+------------+-------------------------------+-----------+----------------------+------------------+
|Module Name | RTL Object                    | Inference | Size (Depth x Width) | Primitives       | 
+------------+-------------------------------+-----------+----------------------+------------------+
|riscv_soc   | ram_inst/ram_byte0/memory_reg | Implied   | 8 K x 8              | RAM256X1S x 256  | 
|riscv_soc   | ram_inst/ram_byte1/memory_reg | Implied   | 8 K x 8              | RAM256X1S x 256  | 
|riscv_soc   | ram_inst/ram_byte2/memory_reg | Implied   | 8 K x 8              | RAM256X1S x 256  | 
|riscv_soc   | ram_inst/ram_byte3/memory_reg | Implied   | 8 K x 8              | RAM256X1S x 256  | 
+------------+-------------------------------+-----------+----------------------+------------------+

Note: The table above is a preliminary report that shows the Distributed RAMs at the current stage of the synthesis flow. Some Distributed RAMs may be reimplemented as non Distributed RAM primitives later in the synthesis flow. Multiple instantiated RAMs are reported only once.
---------------------------------------------------------------------------------
Finished ROM, RAM, DSP, Shift Register and Retiming Reporting
---------------------------------------------------------------------------------
---------------------------------------------------------------------------------
Start Applying XDC Timing Constraints
---------------------------------------------------------------------------------
---------------------------------------------------------------------------------
Finished Applying XDC Timing Constraints : Time (s): cpu = 00:00:13 ; elapsed = 00:00:36 . Memory (MB): peak = 1363.391 ; gain = 803.074
---------------------------------------------------------------------------------
---------------------------------------------------------------------------------
Start Timing Optimization
---------------------------------------------------------------------------------
---------------------------------------------------------------------------------
Finished Timing Optimization : Time (s): cpu = 00:00:15 ; elapsed = 00:00:41 . Memory (MB): peak = 1516.855 ; gain = 956.539
---------------------------------------------------------------------------------
---------------------------------------------------------------------------------
Start ROM, RAM, DSP, Shift Register and Retiming Reporting
---------------------------------------------------------------------------------

Block RAM: Final Mapping Report
+------------+---------------------+------------------------+---+---+------------------------+---+---+------------------+--------+--------+
|Module Name | RTL Object          | PORT A (Depth x Width) | W | R | PORT B (Depth x Width) | W | R | Ports driving FF | RAMB18 | RAMB36 | 
+------------+---------------------+------------------------+---+---+------------------------+---+---+------------------+--------+--------+
|riscv_soc   | rom_inst/memory_reg | 4 K x 32(READ_FIRST)   | W |   | 4 K x 32(WRITE_FIRST)  |   | R | Port A and B     | 0      | 4      | 
+------------+---------------------+------------------------+---+---+------------------------+---+---+------------------+--------+--------+


Distributed RAM: Final Mapping Report
+------------+-------------------------------+-----------+----------------------+------------------+
|Module Name | RTL Object                    | Inference | Size (Depth x Width) | Primitives       | 
+------------+-------------------------------+-----------+----------------------+------------------+
|riscv_soc   | ram_inst/ram_byte0/memory_reg | Implied   | 8 K x 8              | RAM256X1S x 256  | 
|riscv_soc   | ram_inst/ram_byte1/memory_reg | Implied   | 8 K x 8              | RAM256X1S x 256  | 
|riscv_soc   | ram_inst/ram_byte2/memory_reg | Implied   | 8 K x 8              | RAM256X1S x 256  | 
|riscv_soc   | ram_inst/ram_byte3/memory_reg | Implied   | 8 K x 8              | RAM256X1S x 256  | 
+------------+-------------------------------+-----------+----------------------+------------------+

---------------------------------------------------------------------------------
Finished ROM, RAM, DSP, Shift Register and Retiming Reporting
---------------------------------------------------------------------------------
---------------------------------------------------------------------------------
Start Technology Mapping
---------------------------------------------------------------------------------
INFO: [Synth 8-7052] The timing for the instance rom_inst/memory_reg_0 (implemented as a Block RAM) might be sub-optimal as no optional output register could be merged into the ram block. Providing additional output register may help in improving timing.
INFO: [Synth 8-7052] The timing for the instance rom_inst/memory_reg_1 (implemented as a Block RAM) might be sub-optimal as no optional output register could be merged into the ram block. Providing additional output register may help in improving timing.
INFO: [Synth 8-7052] The timing for the instance rom_inst/memory_reg_2 (implemented as a Block RAM) might be sub-optimal as no optional output register could be merged into the ram block. Providing additional output register may help in improving timing.
INFO: [Synth 8-7052] The timing for the instance rom_inst/memory_reg_3 (implemented as a Block RAM) might be sub-optimal as no optional output register could be merged into the ram block. Providing additional output register may help in improving timing.
---------------------------------------------------------------------------------
Finished Technology Mapping : Time (s): cpu = 00:00:15 ; elapsed = 00:00:43 . Memory (MB): peak = 1534.965 ; gain = 974.648
---------------------------------------------------------------------------------
---------------------------------------------------------------------------------
Start IO Insertion
---------------------------------------------------------------------------------
---------------------------------------------------------------------------------
Start Flattening Before IO Insertion
---------------------------------------------------------------------------------
---------------------------------------------------------------------------------
Finished Flattening Before IO Insertion
---------------------------------------------------------------------------------
---------------------------------------------------------------------------------
Start Final Netlist Cleanup
---------------------------------------------------------------------------------
---------------------------------------------------------------------------------
Finished Final Netlist Cleanup
---------------------------------------------------------------------------------
---------------------------------------------------------------------------------
Finished IO Insertion : Time (s): cpu = 00:00:16 ; elapsed = 00:00:46 . Memory (MB): peak = 1621.621 ; gain = 1061.305
---------------------------------------------------------------------------------
---------------------------------------------------------------------------------
Start Renaming Generated Instances
---------------------------------------------------------------------------------
---------------------------------------------------------------------------------
Finished Renaming Generated Instances : Time (s): cpu = 00:00:16 ; elapsed = 00:00:46 . Memory (MB): peak = 1621.621 ; gain = 1061.305
---------------------------------------------------------------------------------
---------------------------------------------------------------------------------
Start Rebuilding User Hierarchy
---------------------------------------------------------------------------------
---------------------------------------------------------------------------------
Finished Rebuilding User Hierarchy : Time (s): cpu = 00:00:16 ; elapsed = 00:00:47 . Memory (MB): peak = 1621.621 ; gain = 1061.305
---------------------------------------------------------------------------------
---------------------------------------------------------------------------------
Start Renaming Generated Ports
---------------------------------------------------------------------------------
---------------------------------------------------------------------------------
Finished Renaming Generated Ports : Time (s): cpu = 00:00:16 ; elapsed = 00:00:47 . Memory (MB): peak = 1621.621 ; gain = 1061.305
---------------------------------------------------------------------------------
---------------------------------------------------------------------------------
Start Handling Custom Attributes
---------------------------------------------------------------------------------
---------------------------------------------------------------------------------
Finished Handling Custom Attributes : Time (s): cpu = 00:00:16 ; elapsed = 00:00:47 . Memory (MB): peak = 1633.770 ; gain = 1073.453
---------------------------------------------------------------------------------
---------------------------------------------------------------------------------
Start Renaming Generated Nets
---------------------------------------------------------------------------------
---------------------------------------------------------------------------------
Finished Renaming Generated Nets : Time (s): cpu = 00:00:16 ; elapsed = 00:00:47 . Memory (MB): peak = 1633.770 ; gain = 1073.453
---------------------------------------------------------------------------------
---------------------------------------------------------------------------------
Start Writing Synthesis Report
---------------------------------------------------------------------------------

Report BlackBoxes: 
+-+--------------+----------+
| |BlackBox name |Instances |
+-+--------------+----------+
+-+--------------+----------+

Report Cell Usage: 
+------+----------+------+
|      |Cell      |Count |
+------+----------+------+
|1     |BUFG      |     2|
|2     |CARRY4    |    39|
|3     |LUT1      |     5|
|4     |LUT2      |   386|
|5     |LUT3      |  1135|
|6     |LUT4      |   221|
|7     |LUT5      |   292|
|8     |LUT6      |  1829|
|9     |MUXF7     |   384|
|10    |MUXF8     |   192|
|11    |RAM256X1S |  1024|
|12    |RAMB36E1  |     4|
|13    |FDCE      |   462|
|14    |FDPE      |    11|
|15    |FDRE      |  1731|
|16    |FDSE      |    14|
|17    |IBUF      |     5|
|18    |OBUF      |     3|
+------+----------+------+
---------------------------------------------------------------------------------
Finished Writing Synthesis Report : Time (s): cpu = 00:00:16 ; elapsed = 00:00:47 . Memory (MB): peak = 1633.770 ; gain = 1073.453
---------------------------------------------------------------------------------
Synthesis finished with 0 errors, 0 critical warnings and 4 warnings.
Synthesis Optimization Runtime : Time (s): cpu = 00:00:13 ; elapsed = 00:00:45 . Memory (MB): peak = 1633.770 ; gain = 983.031
Synthesis Optimization Complete : Time (s): cpu = 00:00:16 ; elapsed = 00:00:47 . Memory (MB): peak = 1633.770 ; gain = 1073.453
INFO: [Project 1-571] Translating synthesized netlist
Netlist sorting complete. Time (s): cpu = 00:00:00 ; elapsed = 00:00:00.120 . Memory (MB): peak = 1642.922 ; gain = 0.000
INFO: [Netlist 29-17] Analyzing 1643 Unisim elements for replacement
INFO: [Netlist 29-28] Unisim Transformation completed in 0 CPU seconds
INFO: [Project 1-570] Preparing netlist for logic optimization
INFO: [Opt 31-138] Pushed 0 inverter(s) to 0 load pin(s).
Netlist sorting complete. Time (s): cpu = 00:00:00 ; elapsed = 00:00:00.003 . Memory (MB): peak = 1646.617 ; gain = 0.000
INFO: [Project 1-111] Unisim Transformation Summary:
  A total of 1024 instances were transformed.
  RAM256X1S => RAM256X1S (MUXF7(x2), MUXF8, RAMS64E(x4)): 1024 instances

Synth Design complete | Checksum: 5db05e59
INFO: [Common 17-83] Releasing license: Synthesis
103 Infos, 80 Warnings, 2 Critical Warnings and 0 Errors encountered.
synth_design completed successfully
synth_design: Time (s): cpu = 00:00:18 ; elapsed = 00:00:54 . Memory (MB): peak = 1646.617 ; gain = 1277.195
INFO: [runtcl-6] Synthesis results are not added to the cache due to CRITICAL_WARNING
Write ShapeDB Complete: Time (s): cpu = 00:00:00 ; elapsed = 00:00:00.047 . Memory (MB): peak = 1646.617 ; gain = 0.000
INFO: [Common 17-1381] The checkpoint 'E:/project/RISC-V/work/hubulab_riscv/prj/5_pipeline/5_pipeline.runs/synth_1/riscv_soc.dcp' has been generated.
INFO: [Vivado 12-24828] Executing command : report_utilization -file riscv_soc_utilization_synth.rpt -pb riscv_soc_utilization_synth.pb
INFO: [Common 17-206] Exiting Vivado at Mon Mar 31 13:06:56 2025...
